{"/Users/arzabala/Documents/PROYECTO-REACT/event-calendar/src/index.jsx": {"path":"/Users/arzabala/Documents/PROYECTO-REACT/event-calendar/src/index.jsx","statementMap":{"0":{"start":{"line":10,"column":15},"end":{"line":24,"column":2}},"1":{"start":{"line":26,"column":0},"end":{"line":30,"column":2}}},"fnMap":{},"branchMap":{},"s":{"0":0,"1":0},"f":{},"b":{}}
,"/Users/arzabala/Documents/PROYECTO-REACT/event-calendar/src/components/Menu.jsx": {"path":"/Users/arzabala/Documents/PROYECTO-REACT/event-calendar/src/components/Menu.jsx","statementMap":{"0":{"start":{"line":3,"column":13},"end":{"line":21,"column":1}},"1":{"start":{"line":4,"column":2},"end":{"line":20,"column":4}}},"fnMap":{"0":{"name":"(anonymous_0)","decl":{"start":{"line":3,"column":13},"end":{"line":3,"column":14}},"loc":{"start":{"line":3,"column":19},"end":{"line":21,"column":1}},"line":3}},"branchMap":{},"s":{"0":1,"1":0},"f":{"0":0},"b":{},"_coverageSchema":"1a1c01bbd47fc00a2c39e90264f33305004495a9","hash":"33bf0dd984b033fb491b6f267957d7f28dad5275"}
,"/Users/arzabala/Documents/PROYECTO-REACT/event-calendar/src/routes/About.jsx": {"path":"/Users/arzabala/Documents/PROYECTO-REACT/event-calendar/src/routes/About.jsx","statementMap":{"0":{"start":{"line":3,"column":14},"end":{"line":10,"column":1}},"1":{"start":{"line":4,"column":2},"end":{"line":9,"column":4}}},"fnMap":{"0":{"name":"(anonymous_0)","decl":{"start":{"line":3,"column":14},"end":{"line":3,"column":15}},"loc":{"start":{"line":3,"column":20},"end":{"line":10,"column":1}},"line":3}},"branchMap":{},"s":{"0":0,"1":0},"f":{"0":0},"b":{}}
,"/Users/arzabala/Documents/PROYECTO-REACT/event-calendar/src/routes/Contact.jsx": {"path":"/Users/arzabala/Documents/PROYECTO-REACT/event-calendar/src/routes/Contact.jsx","statementMap":{"0":{"start":{"line":3,"column":16},"end":{"line":10,"column":1}},"1":{"start":{"line":4,"column":2},"end":{"line":9,"column":4}}},"fnMap":{"0":{"name":"(anonymous_0)","decl":{"start":{"line":3,"column":16},"end":{"line":3,"column":17}},"loc":{"start":{"line":3,"column":22},"end":{"line":10,"column":1}},"line":3}},"branchMap":{},"s":{"0":0,"1":0},"f":{"0":0},"b":{}}
,"/Users/arzabala/Documents/PROYECTO-REACT/event-calendar/src/routes/Error.jsx": {"path":"/Users/arzabala/Documents/PROYECTO-REACT/event-calendar/src/routes/Error.jsx","statementMap":{"0":{"start":{"line":3,"column":14},"end":{"line":12,"column":1}},"1":{"start":{"line":4,"column":16},"end":{"line":4,"column":31}},"2":{"start":{"line":6,"column":2},"end":{"line":11,"column":4}}},"fnMap":{"0":{"name":"(anonymous_0)","decl":{"start":{"line":3,"column":14},"end":{"line":3,"column":15}},"loc":{"start":{"line":3,"column":20},"end":{"line":12,"column":1}},"line":3}},"branchMap":{"0":{"loc":{"start":{"line":9,"column":10},"end":{"line":9,"column":43}},"type":"binary-expr","locations":[{"start":{"line":9,"column":10},"end":{"line":9,"column":26}},{"start":{"line":9,"column":30},"end":{"line":9,"column":43}}],"line":9}},"s":{"0":0,"1":0,"2":0},"f":{"0":0},"b":{"0":[0,0]}}
,"/Users/arzabala/Documents/PROYECTO-REACT/event-calendar/src/routes/Home.jsx": {"path":"/Users/arzabala/Documents/PROYECTO-REACT/event-calendar/src/routes/Home.jsx","statementMap":{"0":{"start":{"line":6,"column":2},"end":{"line":6,"column":15}},"1":{"start":{"line":9,"column":13},"end":{"line":22,"column":1}},"2":{"start":{"line":10,"column":2},"end":{"line":21,"column":4}}},"fnMap":{"0":{"name":"suma","decl":{"start":{"line":5,"column":16},"end":{"line":5,"column":20}},"loc":{"start":{"line":5,"column":27},"end":{"line":7,"column":1}},"line":5},"1":{"name":"(anonymous_1)","decl":{"start":{"line":9,"column":13},"end":{"line":9,"column":14}},"loc":{"start":{"line":9,"column":19},"end":{"line":22,"column":1}},"line":9}},"branchMap":{},"s":{"0":1,"1":1,"2":0},"f":{"0":1,"1":0},"b":{},"_coverageSchema":"1a1c01bbd47fc00a2c39e90264f33305004495a9","hash":"3bb466279a67de4afa91448e48434eed9979adb0"}
}
